<?xml version="1.0" encoding="UTF-8"?>
<!-- Generated by org.testng.reporters.JUnitReportReporter -->
<testsuite hostname="DESKTOP-SELHIJF" failures="0" tests="2" name="Smartbuy" time="1.454" errors="0" timestamp="2022-11-26T21:38:11 GMT+02:00" skipped="0">
  <testcase classname="Smartbuy" name="Test_Adding_Item_SAMSUNG_50_inch" time="1.409"/>
  <system-out/>
  <testcase classname="Smartbuy" name="we_need_to_check_the_correct_price" time="0.045"/>
  <system-out/>
</testsuite> <!-- Smartbuy -->
